[I 2026-04-30 04:44:09,264] Using an existing study with name 'drums_aux-sign-auto-cos-inc_stage1only_100k_lr0p0003_decay100_mlr0.0003_args_muon_lr_only' instead of creating a new one.
[I 2026-04-30 06:50:46,356] Trial 1 finished with value: 27.84610939025879 and parameters: {'lrate': 0.0010615360772719654, 'lrate_decay': 386, 'muon_lrate': 0.001635335754309247}. Best is trial 1 with value: 27.84610939025879.
[I 2026-04-30 08:57:25,038] Trial 2 finished with value: 27.95302391052246 and parameters: {'lrate': 0.0010519726230559959, 'lrate_decay': 269, 'muon_lrate': 0.001846316577722323}. Best is trial 2 with value: 27.95302391052246.
[I 2026-04-30 11:04:07,316] Trial 3 finished with value: 27.610066413879395 and parameters: {'lrate': 0.0008216908785704095, 'lrate_decay': 457, 'muon_lrate': 0.004514102265895567}. Best is trial 2 with value: 27.95302391052246.
[I 2026-04-30 13:15:37,896] Trial 4 finished with value: 27.719900131225586 and parameters: {'lrate': 0.0007253753172998836, 'lrate_decay': 417, 'muon_lrate': 0.001328467245876384}. Best is trial 2 with value: 27.95302391052246.
[I 2026-04-30 15:22:36,991] Trial 5 finished with value: 26.653897285461426 and parameters: {'lrate': 0.0011095983846308643, 'lrate_decay': 471, 'muon_lrate': 0.0003663671900803624}. Best is trial 2 with value: 27.95302391052246.
[I 2026-04-30 17:34:23,213] Trial 6 finished with value: 27.880653381347656 and parameters: {'lrate': 0.002616937682010605, 'lrate_decay': 159, 'muon_lrate': 0.003623295039993152}. Best is trial 2 with value: 27.95302391052246.
[I 2026-04-30 19:44:48,002] Trial 7 finished with value: 26.080052375793457 and parameters: {'lrate': 0.0003141717259443931, 'lrate_decay': 227, 'muon_lrate': 0.0003636925892547774}. Best is trial 2 with value: 27.95302391052246.
[I 2026-04-30 21:54:39,274] Trial 8 finished with value: 27.441588401794434 and parameters: {'lrate': 0.0021399816882859174, 'lrate_decay': 284, 'muon_lrate': 0.0007308359664212255}. Best is trial 2 with value: 27.95302391052246.
[I 2026-05-01 00:01:51,602] Trial 9 finished with value: 27.805319786071777 and parameters: {'lrate': 0.00045368290857957064, 'lrate_decay': 104, 'muon_lrate': 0.0023531859828563972}. Best is trial 2 with value: 27.95302391052246.
[I 2026-05-01 02:08:22,438] Trial 10 finished with value: 27.550085067749023 and parameters: {'lrate': 0.0014856177368056476, 'lrate_decay': 331, 'muon_lrate': 0.0008144252902731652}. Best is trial 2 with value: 27.95302391052246.
[I 2026-05-01 04:15:10,891] Trial 11 finished with value: 27.890230178833008 and parameters: {'lrate': 0.0005646537647516751, 'lrate_decay': 238, 'muon_lrate': 0.0024331891771541534}. Best is trial 2 with value: 27.95302391052246.
[I 2026-05-01 06:21:53,791] Trial 12 finished with value: 27.825663566589355 and parameters: {'lrate': 0.0005607767698867578, 'lrate_decay': 237, 'muon_lrate': 0.002445287720495803}. Best is trial 2 with value: 27.95302391052246.
[I 2026-05-01 08:28:28,145] Trial 13 finished with value: 27.925046920776367 and parameters: {'lrate': 0.0015750527540490291, 'lrate_decay': 223, 'muon_lrate': 0.002167379035504368}. Best is trial 2 with value: 27.95302391052246.
[I 2026-05-01 10:35:12,613] Trial 14 finished with value: 27.640987396240234 and parameters: {'lrate': 0.0015471633944361626, 'lrate_decay': 327, 'muon_lrate': 0.0009665961867356857}. Best is trial 2 with value: 27.95302391052246.
[I 2026-05-01 12:42:32,532] Trial 15 finished with value: 27.941954612731934 and parameters: {'lrate': 0.0016560008360465156, 'lrate_decay': 172, 'muon_lrate': 0.0017119876816584284}. Best is trial 2 with value: 27.95302391052246.
[I 2026-05-01 14:49:11,031] Trial 16 finished with value: 28.00298309326172 and parameters: {'lrate': 0.0020778325842156463, 'lrate_decay': 144, 'muon_lrate': 0.0015557341979336068}. Best is trial 16 with value: 28.00298309326172.
[I 2026-05-01 16:56:01,963] Trial 17 finished with value: 27.27293586730957 and parameters: {'lrate': 0.002847931721563061, 'lrate_decay': 119, 'muon_lrate': 0.0005653204652003095}. Best is trial 16 with value: 28.00298309326172.
[I 2026-05-01 19:02:50,786] Trial 18 finished with value: 27.727513313293457 and parameters: {'lrate': 0.0020480100766380833, 'lrate_decay': 169, 'muon_lrate': 0.001162674122682267}. Best is trial 16 with value: 28.00298309326172.
[I 2026-05-01 21:09:34,985] Trial 19 finished with value: 27.74490261077881 and parameters: {'lrate': 0.0012311840959136305, 'lrate_decay': 278, 'muon_lrate': 0.00295977872708535}. Best is trial 16 with value: 28.00298309326172.
[I 2026-05-01 23:16:30,759] Trial 20 finished with value: 27.979805946350098 and parameters: {'lrate': 0.0022058900778865256, 'lrate_decay': 380, 'muon_lrate': 0.0016023035454197114}. Best is trial 16 with value: 28.00298309326172.
[DONE] Summary saved to /workspace/exp_ips_github/logs/100k_muon_lr/drums/aux-sign-auto-cos-inc/lr0p0003_decay100_mlr0.0003_args/drums_aux-sign-auto-cos-inc_100k_lr0p0003_decay100_mlr0.0003_args_muon_lr_only_summary.json
