[I 2026-04-30 07:53:04,603] A new study created in RDB with name: ficus_aux-sign-auto-cos-inc_stage1only_100k_lr0p0003_decay100_mlr0.0003_args_muon_lr_only
[I 2026-04-30 11:29:13,164] Trial 0 finished with value: 29.39540386199951 and parameters: {'lrate': 0.0010615360772719654, 'lrate_decay': 386, 'muon_lrate': 0.001635335754309247}. Best is trial 0 with value: 29.39540386199951.
[I 2026-04-30 15:01:36,984] Trial 1 finished with value: 29.36101722717285 and parameters: {'lrate': 0.0010519726230559959, 'lrate_decay': 269, 'muon_lrate': 0.001846316577722323}. Best is trial 0 with value: 29.39540386199951.
[I 2026-04-30 18:29:32,031] Trial 2 finished with value: 29.049753189086914 and parameters: {'lrate': 0.0008216908785704095, 'lrate_decay': 457, 'muon_lrate': 0.004514102265895567}. Best is trial 0 with value: 29.39540386199951.
[I 2026-04-30 21:59:04,685] Trial 3 finished with value: 29.31379795074463 and parameters: {'lrate': 0.0007253753172998836, 'lrate_decay': 417, 'muon_lrate': 0.001328467245876384}. Best is trial 0 with value: 29.39540386199951.
[I 2026-05-01 01:27:35,858] Trial 4 finished with value: 28.27113437652588 and parameters: {'lrate': 0.0011095983846308643, 'lrate_decay': 471, 'muon_lrate': 0.0003663671900803624}. Best is trial 0 with value: 29.39540386199951.
[I 2026-05-01 04:55:54,186] Trial 5 finished with value: 28.878260612487793 and parameters: {'lrate': 0.002616937682010607, 'lrate_decay': 155, 'muon_lrate': 0.0006191229698148474}. Best is trial 0 with value: 29.39540386199951.
[I 2026-05-01 08:24:05,191] Trial 6 finished with value: 29.361990928649902 and parameters: {'lrate': 0.00031417172594439365, 'lrate_decay': 333, 'muon_lrate': 0.003200745117531504}. Best is trial 0 with value: 29.39540386199951.
[I 2026-05-01 11:52:15,070] Trial 7 finished with value: 28.864619255065918 and parameters: {'lrate': 0.0021399816882859213, 'lrate_decay': 317, 'muon_lrate': 0.0007998108260764364}. Best is trial 0 with value: 29.39540386199951.
[I 2026-05-01 15:19:52,408] Trial 8 finished with value: 29.36540126800537 and parameters: {'lrate': 0.000453682908579571, 'lrate_decay': 185, 'muon_lrate': 0.0021982203820131085}. Best is trial 0 with value: 29.39540386199951.
[I 2026-05-01 18:46:56,018] Trial 9 finished with value: 29.047962188720703 and parameters: {'lrate': 0.0014937519612696593, 'lrate_decay': 393, 'muon_lrate': 0.0008946167893901963}. Best is trial 0 with value: 29.39540386199951.
[I 2026-05-01 22:15:26,815] Trial 10 finished with value: 27.8814640045166 and parameters: {'lrate': 0.0005646537647516755, 'lrate_decay': 243, 'muon_lrate': 0.0003047612401310737}. Best is trial 0 with value: 29.39540386199951.
[I 2026-05-02 01:42:11,081] Trial 11 finished with value: 29.37833309173584 and parameters: {'lrate': 0.00045741030960892004, 'lrate_decay': 129, 'muon_lrate': 0.0021112732276057943}. Best is trial 0 with value: 29.39540386199951.
[I 2026-05-02 05:09:50,997] Trial 12 finished with value: 29.417705535888672 and parameters: {'lrate': 0.00034983882527239615, 'lrate_decay': 376, 'muon_lrate': 0.0019739948242649733}. Best is trial 12 with value: 29.417705535888672.
[I 2026-05-02 08:36:58,760] Trial 13 finished with value: 29.282814025878906 and parameters: {'lrate': 0.0015978519905430666, 'lrate_decay': 373, 'muon_lrate': 0.0013713398204094074}. Best is trial 12 with value: 29.417705535888672.
[I 2026-05-02 12:08:58,476] Trial 14 finished with value: 29.372483253479004 and parameters: {'lrate': 0.0003108585461624725, 'lrate_decay': 362, 'muon_lrate': 0.0032547783766539683}. Best is trial 12 with value: 29.417705535888672.
[I 2026-05-02 15:42:43,299] Trial 15 finished with value: 29.521790504455566 and parameters: {'lrate': 0.001374906384778521, 'lrate_decay': 426, 'muon_lrate': 0.0016053722586884453}. Best is trial 15 with value: 29.521790504455566.
[I 2026-05-02 19:15:49,626] Trial 16 finished with value: 29.16537380218506 and parameters: {'lrate': 0.0015915476453185764, 'lrate_decay': 438, 'muon_lrate': 0.0009758188097312541}. Best is trial 15 with value: 29.521790504455566.
[I 2026-05-02 22:49:08,544] Trial 17 finished with value: 29.34657573699951 and parameters: {'lrate': 0.0006394317431824077, 'lrate_decay': 496, 'muon_lrate': 0.003097675170160024}. Best is trial 15 with value: 29.521790504455566.
[I 2026-05-03 02:22:39,278] Trial 18 finished with value: 28.69821834564209 and parameters: {'lrate': 0.0013155347895750314, 'lrate_decay': 272, 'muon_lrate': 0.0005060777595551436}. Best is trial 15 with value: 29.521790504455566.
[I 2026-05-03 05:54:25,261] Trial 19 finished with value: 29.27250862121582 and parameters: {'lrate': 0.0023051783092912963, 'lrate_decay': 338, 'muon_lrate': 0.002577895857881722}. Best is trial 15 with value: 29.521790504455566.
[DONE] Summary saved to /home/greenx9/nerf-pytorch/exp_ips_github/logs/100k_muon_lr/ficus/aux-sign-auto-cos-inc/lr0p0003_decay100_mlr0.0003_args/ficus_aux-sign-auto-cos-inc_100k_lr0p0003_decay100_mlr0.0003_args_muon_lr_only_summary.json
