[I 2026-04-30 13:30:56,447] A new study created in RDB with name: hotdog_aux-sign-auto-cos-inc_stage1only_100k_lr0p0003_decay100_mlr0.0003_args_muon_lr_only
[I 2026-04-30 17:01:22,666] Trial 0 finished with value: 38.49227523803711 and parameters: {'lrate': 0.0010615360772719654, 'lrate_decay': 386, 'muon_lrate': 0.0012019450985893186}. Best is trial 0 with value: 38.49227523803711.
[I 2026-04-30 20:31:05,707] Trial 1 finished with value: 38.624834060668945 and parameters: {'lrate': 0.0010519726230559959, 'lrate_decay': 269, 'muon_lrate': 0.0013274414292574908}. Best is trial 1 with value: 38.624834060668945.
[I 2026-05-01 00:01:17,206] Trial 2 finished with value: 38.84951210021973 and parameters: {'lrate': 0.0008216908785704095, 'lrate_decay': 457, 'muon_lrate': 0.0027592052977704327}. Best is trial 2 with value: 38.84951210021973.
[I 2026-05-01 03:32:01,460] Trial 3 finished with value: 38.21756172180176 and parameters: {'lrate': 0.0007253753172998836, 'lrate_decay': 417, 'muon_lrate': 0.0010139491476424019}. Best is trial 2 with value: 38.84951210021973.
[I 2026-05-01 07:02:53,545] Trial 4 finished with value: 36.62622833251953 and parameters: {'lrate': 0.0011095983846308643, 'lrate_decay': 471, 'muon_lrate': 0.00035331112522565144}. Best is trial 2 with value: 38.84951210021973.
[I 2026-05-01 10:33:42,744] Trial 5 finished with value: 38.89418601989746 and parameters: {'lrate': 0.0003143805912215675, 'lrate_decay': 155, 'muon_lrate': 0.0026909121249853807}. Best is trial 5 with value: 38.89418601989746.
[I 2026-05-01 14:02:59,183] Trial 6 finished with value: 38.7933406829834 and parameters: {'lrate': 0.00031417172594439365, 'lrate_decay': 111, 'muon_lrate': 0.002925981471069624}. Best is trial 5 with value: 38.89418601989746.
[I 2026-05-01 17:32:27,301] Trial 7 finished with value: 36.45707893371582 and parameters: {'lrate': 0.0003346565669014132, 'lrate_decay': 138, 'muon_lrate': 0.00035472207152279926}. Best is trial 5 with value: 38.89418601989746.
[I 2026-05-01 21:02:26,590] Trial 8 finished with value: 38.76652526855469 and parameters: {'lrate': 0.0029582881396890246, 'lrate_decay': 231, 'muon_lrate': 0.0017713892125344971}. Best is trial 5 with value: 38.89418601989746.
[I 2026-05-02 00:32:14,730] Trial 9 finished with value: 37.47061729431152 and parameters: {'lrate': 0.0005044342937808256, 'lrate_decay': 200, 'muon_lrate': 0.0005779990416750779}. Best is trial 5 with value: 38.89418601989746.
[I 2026-05-02 04:02:42,143] Trial 10 finished with value: 37.83872604370117 and parameters: {'lrate': 0.002254346836116652, 'lrate_decay': 337, 'muon_lrate': 0.0006646271302500596}. Best is trial 5 with value: 38.89418601989746.
[I 2026-05-02 07:32:38,832] Trial 11 finished with value: 38.80874061584473 and parameters: {'lrate': 0.0005105010993840165, 'lrate_decay': 494, 'muon_lrate': 0.002817337468089827}. Best is trial 5 with value: 38.89418601989746.
[I 2026-05-02 11:04:53,205] Trial 12 finished with value: 38.84865760803223 and parameters: {'lrate': 0.0015750527540490304, 'lrate_decay': 326, 'muon_lrate': 0.0019810483107722482}. Best is trial 5 with value: 38.89418601989746.
[I 2026-05-02 14:42:40,828] Trial 13 finished with value: 38.81279373168945 and parameters: {'lrate': 0.0006321288935121226, 'lrate_decay': 201, 'muon_lrate': 0.0020610804662823373}. Best is trial 5 with value: 38.89418601989746.
[I 2026-05-02 18:18:20,226] Trial 14 finished with value: 38.68111801147461 and parameters: {'lrate': 0.00043926227520300594, 'lrate_decay': 402, 'muon_lrate': 0.0015810304722280928}. Best is trial 5 with value: 38.89418601989746.
[I 2026-05-02 21:53:32,056] Trial 15 finished with value: 38.91671562194824 and parameters: {'lrate': 0.0017902277711364593, 'lrate_decay': 280, 'muon_lrate': 0.0024644105691429435}. Best is trial 15 with value: 38.91671562194824.
[I 2026-05-03 01:28:18,795] Trial 16 finished with value: 38.029985427856445 and parameters: {'lrate': 0.0015915476453185764, 'lrate_decay': 152, 'muon_lrate': 0.0007877008324421214}. Best is trial 15 with value: 38.91671562194824.
[I 2026-05-03 05:03:17,756] Trial 17 finished with value: 38.848955154418945 and parameters: {'lrate': 0.002048010076638085, 'lrate_decay': 286, 'muon_lrate': 0.0025110498861300886}. Best is trial 15 with value: 38.91671562194824.
[I 2026-05-03 08:38:24,749] Trial 18 finished with value: 38.844770431518555 and parameters: {'lrate': 0.0014265056027087768, 'lrate_decay': 243, 'muon_lrate': 0.0022236205726516934}. Best is trial 15 with value: 38.91671562194824.
[I 2026-05-03 12:14:03,038] Trial 19 finished with value: 38.67446327209473 and parameters: {'lrate': 0.002105149161660126, 'lrate_decay': 343, 'muon_lrate': 0.0015174629271448251}. Best is trial 15 with value: 38.91671562194824.
[DONE] Summary saved to /home/greenx9/nerf-pytorch/exp_ips_github/logs/100k_muon_lr/hotdog/aux-sign-auto-cos-inc/lr0p0003_decay100_mlr0.0003_args/hotdog_aux-sign-auto-cos-inc_100k_lr0p0003_decay100_mlr0.0003_args_muon_lr_only_summary.json
