[I 2026-04-30 04:39:54,208] Using an existing study with name 'lego_aux-sign-auto-cos-inc_stage1only_100k_lr0p0003_decay100_mlr0.0003_args_muon_lr_only' instead of creating a new one.
[I 2026-04-30 06:48:16,391] Trial 2 finished with value: 31.45552349090576 and parameters: {'lrate': 0.0010615360772719654, 'lrate_decay': 386, 'muon_lrate': 0.001635335754309247}. Best is trial 2 with value: 31.45552349090576.
[I 2026-04-30 08:56:41,327] Trial 3 finished with value: 31.56593894958496 and parameters: {'lrate': 0.0010519726230559959, 'lrate_decay': 269, 'muon_lrate': 0.001846316577722323}. Best is trial 3 with value: 31.56593894958496.
[I 2026-04-30 11:04:53,852] Trial 4 finished with value: 31.398436546325684 and parameters: {'lrate': 0.0008216908785704095, 'lrate_decay': 457, 'muon_lrate': 0.004514102265895567}. Best is trial 3 with value: 31.56593894958496.
[I 2026-04-30 13:12:51,048] Trial 5 finished with value: 31.24093532562256 and parameters: {'lrate': 0.0007253753172998836, 'lrate_decay': 417, 'muon_lrate': 0.001328467245876384}. Best is trial 3 with value: 31.56593894958496.
[I 2026-04-30 15:21:21,062] Trial 6 finished with value: 29.63725185394287 and parameters: {'lrate': 0.0011095983846308643, 'lrate_decay': 471, 'muon_lrate': 0.0003663671900803624}. Best is trial 3 with value: 31.56593894958496.
[I 2026-04-30 17:30:25,554] Trial 7 finished with value: 31.578639030456543 and parameters: {'lrate': 0.002616937682010605, 'lrate_decay': 159, 'muon_lrate': 0.003623295039993152}. Best is trial 7 with value: 31.578639030456543.
[I 2026-04-30 19:39:05,495] Trial 8 finished with value: 31.511741638183594 and parameters: {'lrate': 0.0025513004740846646, 'lrate_decay': 111, 'muon_lrate': 0.004846629789555252}. Best is trial 7 with value: 31.578639030456543.
[I 2026-04-30 21:47:59,062] Trial 9 finished with value: 29.186813354492188 and parameters: {'lrate': 0.0003439496417731218, 'lrate_decay': 138, 'muon_lrate': 0.0003681556505036925}. Best is trial 7 with value: 31.578639030456543.
[I 2026-04-30 23:56:31,229] Trial 10 finished with value: 31.715699195861816 and parameters: {'lrate': 0.002958288139689019, 'lrate_decay': 230, 'muon_lrate': 0.0026647860197380052}. Best is trial 10 with value: 31.715699195861816.
[I 2026-05-01 02:04:28,680] Trial 11 finished with value: 30.70564556121826 and parameters: {'lrate': 0.001793342400756751, 'lrate_decay': 261, 'muon_lrate': 0.0007306883520538916}. Best is trial 10 with value: 31.715699195861816.
[I 2026-05-01 04:13:00,852] Trial 12 finished with value: 31.596019744873047 and parameters: {'lrate': 0.00036629270902562624, 'lrate_decay': 215, 'muon_lrate': 0.0023376231744957465}. Best is trial 10 with value: 31.715699195861816.
[I 2026-05-01 06:21:27,829] Trial 13 finished with value: 31.624319076538086 and parameters: {'lrate': 0.00034521047545471286, 'lrate_decay': 207, 'muon_lrate': 0.002382051391802877}. Best is trial 10 with value: 31.715699195861816.
[I 2026-05-01 08:29:55,786] Trial 14 finished with value: 31.731127738952637 and parameters: {'lrate': 0.0005486193148614769, 'lrate_decay': 344, 'muon_lrate': 0.0027620995844255215}. Best is trial 14 with value: 31.731127738952637.
[I 2026-05-01 10:38:03,272] Trial 15 finished with value: 30.53233242034912 and parameters: {'lrate': 0.0005544297183442984, 'lrate_decay': 333, 'muon_lrate': 0.0007749719562484655}. Best is trial 14 with value: 31.731127738952637.
[I 2026-05-01 12:46:20,705] Trial 16 finished with value: 31.754207611083984 and parameters: {'lrate': 0.0015844357643133044, 'lrate_decay': 315, 'muon_lrate': 0.0029726861435116917}. Best is trial 16 with value: 31.754207611083984.
[I 2026-05-01 14:54:51,499] Trial 17 finished with value: 31.69778060913086 and parameters: {'lrate': 0.0015175536276467252, 'lrate_decay': 335, 'muon_lrate': 0.0032850941199095217}. Best is trial 16 with value: 31.754207611083984.
[I 2026-05-01 17:03:26,316] Trial 18 finished with value: 30.85697078704834 and parameters: {'lrate': 0.0005344111979610472, 'lrate_decay': 361, 'muon_lrate': 0.000975818809731254}. Best is trial 16 with value: 31.754207611083984.
[I 2026-05-01 19:11:40,667] Trial 19 finished with value: 31.64185905456543 and parameters: {'lrate': 0.0015356576016047488, 'lrate_decay': 301, 'muon_lrate': 0.0018412304647033978}. Best is trial 16 with value: 31.754207611083984.
[I 2026-05-01 21:19:54,907] Trial 20 finished with value: 31.718570709228516 and parameters: {'lrate': 0.000511056882002473, 'lrate_decay': 386, 'muon_lrate': 0.003279726192347939}. Best is trial 16 with value: 31.754207611083984.
[I 2026-05-01 23:28:23,826] Trial 21 finished with value: 31.251943588256836 and parameters: {'lrate': 0.0019994747384599484, 'lrate_decay': 295, 'muon_lrate': 0.0012244091545440025}. Best is trial 16 with value: 31.754207611083984.
[DONE] Summary saved to /workspace/exp_ips_github/logs/100k_muon_lr/lego/aux-sign-auto-cos-inc/lr0p0003_decay100_mlr0.0003_args/lego_aux-sign-auto-cos-inc_100k_lr0p0003_decay100_mlr0.0003_args_muon_lr_only_summary.json
