[I 2026-04-30 04:40:51,920] Using an existing study with name 'materials_aux-sign-auto-cos-inc_stage1only_100k_lr0p0003_decay100_mlr0.0003_args_muon_lr_only' instead of creating a new one.
[I 2026-04-30 06:48:44,485] Trial 2 finished with value: 30.292031288146973 and parameters: {'lrate': 0.0010615360772719654, 'lrate_decay': 386, 'muon_lrate': 0.001635335754309247}. Best is trial 2 with value: 30.292031288146973.
[I 2026-04-30 08:56:58,730] Trial 3 finished with value: 30.323451042175293 and parameters: {'lrate': 0.0010519726230559959, 'lrate_decay': 269, 'muon_lrate': 0.001846316577722323}. Best is trial 3 with value: 30.323451042175293.
[I 2026-04-30 11:05:12,069] Trial 4 finished with value: 30.31513500213623 and parameters: {'lrate': 0.0008216908785704095, 'lrate_decay': 457, 'muon_lrate': 0.004514102265895567}. Best is trial 3 with value: 30.323451042175293.
[I 2026-04-30 13:13:12,940] Trial 5 finished with value: 30.14185333251953 and parameters: {'lrate': 0.0007253753172998836, 'lrate_decay': 417, 'muon_lrate': 0.001328467245876384}. Best is trial 3 with value: 30.323451042175293.
[I 2026-04-30 15:21:28,580] Trial 6 finished with value: 28.93039608001709 and parameters: {'lrate': 0.0011095983846308643, 'lrate_decay': 471, 'muon_lrate': 0.0003663671900803624}. Best is trial 3 with value: 30.323451042175293.
[I 2026-04-30 17:30:12,211] Trial 7 finished with value: 30.455695152282715 and parameters: {'lrate': 0.002616937682010605, 'lrate_decay': 159, 'muon_lrate': 0.003623295039993152}. Best is trial 7 with value: 30.455695152282715.
[I 2026-04-30 19:38:42,521] Trial 8 finished with value: 30.344432830810547 and parameters: {'lrate': 0.0025513004740846646, 'lrate_decay': 111, 'muon_lrate': 0.004846629789555252}. Best is trial 7 with value: 30.455695152282715.
[I 2026-04-30 21:47:24,776] Trial 9 finished with value: 28.58684253692627 and parameters: {'lrate': 0.0003439496417731218, 'lrate_decay': 138, 'muon_lrate': 0.0003681556505036925}. Best is trial 7 with value: 30.455695152282715.
[I 2026-04-30 23:55:34,650] Trial 10 finished with value: 30.362716674804688 and parameters: {'lrate': 0.002958288139689019, 'lrate_decay': 230, 'muon_lrate': 0.0026647860197380052}. Best is trial 7 with value: 30.455695152282715.
[I 2026-05-01 02:03:37,546] Trial 11 finished with value: 29.795114517211914 and parameters: {'lrate': 0.001813444700888134, 'lrate_decay': 200, 'muon_lrate': 0.0007393301879526177}. Best is trial 7 with value: 30.455695152282715.
[I 2026-05-01 04:11:45,915] Trial 12 finished with value: 29.750904083251953 and parameters: {'lrate': 0.00036629270902562624, 'lrate_decay': 337, 'muon_lrate': 0.0007928978254663852}. Best is trial 7 with value: 30.455695152282715.
[I 2026-05-01 06:20:22,340] Trial 13 finished with value: 30.345996856689453 and parameters: {'lrate': 0.0027192203641234714, 'lrate_decay': 222, 'muon_lrate': 0.002617813410197547}. Best is trial 7 with value: 30.455695152282715.
[I 2026-05-01 08:28:29,748] Trial 14 finished with value: 30.40167999267578 and parameters: {'lrate': 0.0018939099835802965, 'lrate_decay': 188, 'muon_lrate': 0.0027245894069031894}. Best is trial 7 with value: 30.455695152282715.
[I 2026-05-01 10:36:43,983] Trial 15 finished with value: 30.471147537231445 and parameters: {'lrate': 0.0017147523096517699, 'lrate_decay': 153, 'muon_lrate': 0.003166234955903426}. Best is trial 15 with value: 30.471147537231445.
[I 2026-05-01 12:44:30,291] Trial 16 finished with value: 30.343894958496094 and parameters: {'lrate': 0.0016226568525170863, 'lrate_decay': 141, 'muon_lrate': 0.0034665612806023113}. Best is trial 15 with value: 30.471147537231445.
[I 2026-05-01 14:52:46,986] Trial 17 finished with value: 30.347941398620605 and parameters: {'lrate': 0.0014608581766190028, 'lrate_decay': 290, 'muon_lrate': 0.0020441557254476405}. Best is trial 15 with value: 30.471147537231445.
[I 2026-05-01 17:01:00,391] Trial 18 finished with value: 30.11307430267334 and parameters: {'lrate': 0.0021744142688505837, 'lrate_decay': 169, 'muon_lrate': 0.000975818809731254}. Best is trial 15 with value: 30.471147537231445.
[I 2026-05-01 19:08:46,573] Trial 19 finished with value: 30.383477210998535 and parameters: {'lrate': 0.0012427524316326692, 'lrate_decay': 105, 'muon_lrate': 0.003994678642270505}. Best is trial 15 with value: 30.471147537231445.
[I 2026-05-01 21:16:51,092] Trial 20 finished with value: 30.55301284790039 and parameters: {'lrate': 0.0005283251356203727, 'lrate_decay': 255, 'muon_lrate': 0.003297831667884783}. Best is trial 20 with value: 30.55301284790039.
[I 2026-05-01 23:25:07,351] Trial 21 finished with value: 29.25059700012207 and parameters: {'lrate': 0.0005343201811540668, 'lrate_decay': 343, 'muon_lrate': 0.0005033238618699992}. Best is trial 20 with value: 30.55301284790039.
[DONE] Summary saved to /workspace/exp_ips_github/logs/100k_muon_lr/materials/aux-sign-auto-cos-inc/lr0p0003_decay100_mlr0.0003_args/materials_aux-sign-auto-cos-inc_100k_lr0p0003_decay100_mlr0.0003_args_muon_lr_only_summary.json
