[I 2026-05-02 02:58:15,963] A new study created in RDB with name: mic_aux-sign-auto-cos-inc_stage1only_100k_lr0p0003_decay100_mlr0.0003_args_muon_lr_only
[I 2026-05-02 05:14:13,444] Trial 0 finished with value: 32.02544593811035 and parameters: {'lrate': 0.0010615360772719654, 'lrate_decay': 386, 'muon_lrate': 0.001635335754309247}. Best is trial 0 with value: 32.02544593811035.
[I 2026-05-02 07:29:06,096] Trial 1 finished with value: 31.999207496643066 and parameters: {'lrate': 0.0010519726230559959, 'lrate_decay': 269, 'muon_lrate': 0.001846316577722323}. Best is trial 0 with value: 32.02544593811035.
[I 2026-05-02 09:43:41,730] Trial 2 finished with value: 31.901572227478027 and parameters: {'lrate': 0.0008216908785704095, 'lrate_decay': 457, 'muon_lrate': 0.004514102265895567}. Best is trial 0 with value: 32.02544593811035.
[I 2026-05-02 11:58:42,804] Trial 3 finished with value: 31.944536209106445 and parameters: {'lrate': 0.0007253753172998836, 'lrate_decay': 417, 'muon_lrate': 0.001328467245876384}. Best is trial 0 with value: 32.02544593811035.
[I 2026-05-02 14:13:46,415] Trial 4 finished with value: 30.495859146118164 and parameters: {'lrate': 0.0011095983846308643, 'lrate_decay': 471, 'muon_lrate': 0.0003663671900803624}. Best is trial 0 with value: 32.02544593811035.
[I 2026-05-02 16:27:25,557] Trial 5 finished with value: 31.456758499145508 and parameters: {'lrate': 0.002616937682010605, 'lrate_decay': 155, 'muon_lrate': 0.0006191229698148469}. Best is trial 0 with value: 32.02544593811035.
[I 2026-05-02 18:41:24,249] Trial 6 finished with value: 32.041462898254395 and parameters: {'lrate': 0.0003141717259443931, 'lrate_decay': 333, 'muon_lrate': 0.003200745117531501}. Best is trial 6 with value: 32.041462898254395.
[I 2026-05-02 20:58:08,624] Trial 7 finished with value: 31.79634189605713 and parameters: {'lrate': 0.0003346580060235548, 'lrate_decay': 284, 'muon_lrate': 0.004914105783329904}. Best is trial 6 with value: 32.041462898254395.
[I 2026-05-02 23:13:05,757] Trial 8 finished with value: 32.03940296173096 and parameters: {'lrate': 0.00034645495989959747, 'lrate_decay': 182, 'muon_lrate': 0.002673416226239343}. Best is trial 6 with value: 32.041462898254395.
[I 2026-05-03 01:26:25,437] Trial 9 finished with value: 31.306309700012207 and parameters: {'lrate': 0.0005274619629180792, 'lrate_decay': 362, 'muon_lrate': 0.0007427959330444403}. Best is trial 6 with value: 32.041462898254395.
[I 2026-05-03 03:40:07,131] Trial 10 finished with value: 32.145158767700195 and parameters: {'lrate': 0.002254857890518844, 'lrate_decay': 231, 'muon_lrate': 0.002925284917666987}. Best is trial 10 with value: 32.145158767700195.
[I 2026-05-03 05:55:33,408] Trial 11 finished with value: 32.059391021728516 and parameters: {'lrate': 0.002348962062400182, 'lrate_decay': 222, 'muon_lrate': 0.0030516484924265896}. Best is trial 10 with value: 32.145158767700195.
[I 2026-05-03 08:10:33,282] Trial 12 finished with value: 32.18314743041992 and parameters: {'lrate': 0.0027499328407301136, 'lrate_decay': 219, 'muon_lrate': 0.0027291847971812493}. Best is trial 12 with value: 32.18314743041992.
[I 2026-05-03 10:25:02,426] Trial 13 finished with value: 32.174278259277344 and parameters: {'lrate': 0.0018210067889664417, 'lrate_decay': 102, 'muon_lrate': 0.002184706701311294}. Best is trial 12 with value: 32.18314743041992.
[I 2026-05-03 12:37:58,857] Trial 14 finished with value: 31.732062339782715 and parameters: {'lrate': 0.0016648003261703175, 'lrate_decay': 104, 'muon_lrate': 0.0009570160298202686}. Best is trial 12 with value: 32.18314743041992.
[I 2026-05-03 14:51:53,170] Trial 15 finished with value: 32.16066360473633 and parameters: {'lrate': 0.0015827249451338603, 'lrate_decay': 111, 'muon_lrate': 0.0020441557254476405}. Best is trial 12 with value: 32.18314743041992.
[I 2026-05-03 17:05:50,838] Trial 16 finished with value: 32.117197036743164 and parameters: {'lrate': 0.002973392409099086, 'lrate_decay': 164, 'muon_lrate': 0.00125623202023004}. Best is trial 12 with value: 32.18314743041992.
[I 2026-05-03 19:19:57,166] Trial 17 finished with value: 32.04685401916504 and parameters: {'lrate': 0.0016063662919936054, 'lrate_decay': 223, 'muon_lrate': 0.002147194142028588}. Best is trial 12 with value: 32.18314743041992.
[I 2026-05-03 21:33:19,842] Trial 18 finished with value: 31.988126754760742 and parameters: {'lrate': 0.0018872487361256125, 'lrate_decay': 143, 'muon_lrate': 0.003604003749222079}. Best is trial 12 with value: 32.18314743041992.
[I 2026-05-03 23:48:48,543] Trial 19 finished with value: 32.06473350524902 and parameters: {'lrate': 0.001343721777503784, 'lrate_decay': 195, 'muon_lrate': 0.0015121012623112045}. Best is trial 12 with value: 32.18314743041992.
[DONE] Summary saved to /workspace/exp_ips_github/logs/100k_muon_lr/mic/aux-sign-auto-cos-inc/lr0p0003_decay100_mlr0.0003_args/mic_aux-sign-auto-cos-inc_100k_lr0p0003_decay100_mlr0.0003_args_muon_lr_only_summary.json
