[I 2026-05-02 02:58:15,924] A new study created in RDB with name: ship_aux-sign-auto-cos-inc_stage1only_100k_lr0p0003_decay100_mlr0.0003_args_muon_lr_only
[I 2026-05-02 05:12:31,820] Trial 0 finished with value: 31.276780128479004 and parameters: {'lrate': 0.0010615360772719654, 'lrate_decay': 386, 'muon_lrate': 0.001635335754309247}. Best is trial 0 with value: 31.276780128479004.
[I 2026-05-02 07:27:57,636] Trial 1 finished with value: 31.340048789978027 and parameters: {'lrate': 0.0010519726230559959, 'lrate_decay': 269, 'muon_lrate': 0.001846316577722323}. Best is trial 1 with value: 31.340048789978027.
[I 2026-05-02 09:41:37,225] Trial 2 finished with value: 30.734801292419434 and parameters: {'lrate': 0.0008216908785704095, 'lrate_decay': 457, 'muon_lrate': 0.004514102265895567}. Best is trial 1 with value: 31.340048789978027.
[I 2026-05-02 11:55:23,128] Trial 3 finished with value: 31.18528461456299 and parameters: {'lrate': 0.0007253753172998836, 'lrate_decay': 417, 'muon_lrate': 0.001328467245876384}. Best is trial 1 with value: 31.340048789978027.
[I 2026-05-02 14:08:57,768] Trial 4 finished with value: 29.304258346557617 and parameters: {'lrate': 0.0011095983846308643, 'lrate_decay': 471, 'muon_lrate': 0.0003663671900803624}. Best is trial 1 with value: 31.340048789978027.
[I 2026-05-02 16:24:00,367] Trial 5 finished with value: 31.03868007659912 and parameters: {'lrate': 0.002616937682010605, 'lrate_decay': 159, 'muon_lrate': 0.003623295039993152}. Best is trial 1 with value: 31.340048789978027.
[I 2026-05-02 18:39:03,805] Trial 6 finished with value: 29.09911060333252 and parameters: {'lrate': 0.0003141717259443931, 'lrate_decay': 227, 'muon_lrate': 0.0003636925892547774}. Best is trial 1 with value: 31.340048789978027.
[I 2026-05-02 20:53:45,199] Trial 7 finished with value: 30.562755584716797 and parameters: {'lrate': 0.0021399816882859174, 'lrate_decay': 284, 'muon_lrate': 0.0007308359664212255}. Best is trial 1 with value: 31.340048789978027.
[I 2026-05-02 23:09:56,880] Trial 8 finished with value: 31.357542991638184 and parameters: {'lrate': 0.00045368290857957064, 'lrate_decay': 104, 'muon_lrate': 0.0023531859828563972}. Best is trial 8 with value: 31.357542991638184.
[I 2026-05-03 01:24:46,436] Trial 9 finished with value: 31.349675178527832 and parameters: {'lrate': 0.0003505622587348795, 'lrate_decay': 114, 'muon_lrate': 0.002585390206004178}. Best is trial 8 with value: 31.357542991638184.
[I 2026-05-03 03:40:18,811] Trial 10 finished with value: 30.587380409240723 and parameters: {'lrate': 0.0005074227748601463, 'lrate_decay': 188, 'muon_lrate': 0.0007928978254663852}. Best is trial 8 with value: 31.357542991638184.
[I 2026-05-03 05:55:08,804] Trial 11 finished with value: 31.309322357177734 and parameters: {'lrate': 0.00033262783591459026, 'lrate_decay': 119, 'muon_lrate': 0.0027198664382438197}. Best is trial 8 with value: 31.357542991638184.
[I 2026-05-03 08:09:54,072] Trial 12 finished with value: 31.28423309326172 and parameters: {'lrate': 0.00048409351102394446, 'lrate_decay': 102, 'muon_lrate': 0.0025632393008060087}. Best is trial 8 with value: 31.357542991638184.
[I 2026-05-03 10:24:53,989] Trial 13 finished with value: 31.2974853515625 and parameters: {'lrate': 0.0004831210705640853, 'lrate_decay': 171, 'muon_lrate': 0.002561447344946477}. Best is trial 8 with value: 31.357542991638184.
[I 2026-05-03 12:39:44,832] Trial 14 finished with value: 30.73140048980713 and parameters: {'lrate': 0.00039283034346079566, 'lrate_decay': 362, 'muon_lrate': 0.0009285151080066723}. Best is trial 8 with value: 31.357542991638184.
[I 2026-05-03 14:52:59,542] Trial 15 finished with value: 30.752018928527832 and parameters: {'lrate': 0.0006381380000390625, 'lrate_decay': 229, 'muon_lrate': 0.0046906414201617124}. Best is trial 8 with value: 31.357542991638184.
[I 2026-05-03 17:08:05,124] Trial 16 finished with value: 31.3250789642334 and parameters: {'lrate': 0.0015915476453185748, 'lrate_decay': 139, 'muon_lrate': 0.002374356220498686}. Best is trial 8 with value: 31.357542991638184.
[I 2026-05-03 19:22:01,676] Trial 17 finished with value: 31.00744342803955 and parameters: {'lrate': 0.000410182356788973, 'lrate_decay': 323, 'muon_lrate': 0.001162674122682267}. Best is trial 8 with value: 31.357542991638184.
[I 2026-05-03 21:37:29,669] Trial 18 finished with value: 31.187594413757324 and parameters: {'lrate': 0.00060574835766302, 'lrate_decay': 194, 'muon_lrate': 0.003379792857431029}. Best is trial 8 with value: 31.357542991638184.
[I 2026-05-03 23:53:02,423] Trial 19 finished with value: 31.2466402053833 and parameters: {'lrate': 0.00030005537616108077, 'lrate_decay': 240, 'muon_lrate': 0.001965345315374056}. Best is trial 8 with value: 31.357542991638184.
[DONE] Summary saved to /workspace/exp_ips_github/logs/100k_muon_lr/ship/aux-sign-auto-cos-inc/lr0p0003_decay100_mlr0.0003_args/ship_aux-sign-auto-cos-inc_100k_lr0p0003_decay100_mlr0.0003_args_muon_lr_only_summary.json
